
*** Running vivado
    with args -log design_1_ilmb_v10_0.vds -m64 -product Vivado -mode batch -messageDb vivado.pb -notrace -source design_1_ilmb_v10_0.tcl



****** Vivado v2024.1 (64-bit)
  **** SW Build 5076996 on Wed May 22 18:37:14 MDT 2024
  **** IP Build 5075265 on Wed May 22 21:45:21 MDT 2024
  **** SharedData Build 5076995 on Wed May 22 18:29:18 MDT 2024
  **** Start of session at: Fri Dec 27 19:13:51 2024
    ** Copyright 1986-2022 Xilinx, Inc. All Rights Reserved.
    ** Copyright 2022-2024 Advanced Micro Devices, Inc. All Rights Reserved.

source design_1_ilmb_v10_0.tcl -notrace
INFO: [IP_Flow 19-234] Refreshing IP repositories
INFO: [IP_Flow 19-1700] Loaded user IP repository 'c:/Users/DAT/Documents/mac/mac_ip'.
INFO: [IP_Flow 19-2313] Loaded Vivado IP repository 'D:/vivado/Vivado/2024.1/data/ip'.
INFO: [IP_Flow 19-6924] IPCACHE: Running cache check for IP inst: design_1_ilmb_v10_0
INFO: [IP_Flow 19-6922] IPCACHE: Exporting cached entry a0c3947147be69ed to dir: D:/demo_mac/mac/mac.runs/design_1_ilmb_v10_0_synth_1
INFO: [IP_Flow 19-6928] IPCACHE: copied cached file d:/demo_mac/mac/mac.cache/ip/2024.1/a/0/a0c3947147be69ed/design_1_dlmb_v10_0.dcp to D:/demo_mac/mac/mac.runs/design_1_ilmb_v10_0_synth_1/design_1_ilmb_v10_0.dcp.
INFO: [IP_Flow 19-6928] IPCACHE: copied cached file d:/demo_mac/mac/mac.cache/ip/2024.1/a/0/a0c3947147be69ed/design_1_dlmb_v10_0_sim_netlist.v to D:/demo_mac/mac/mac.runs/design_1_ilmb_v10_0_synth_1/design_1_ilmb_v10_0_sim_netlist.v.
INFO: [IP_Flow 19-6928] IPCACHE: copied cached file d:/demo_mac/mac/mac.cache/ip/2024.1/a/0/a0c3947147be69ed/design_1_dlmb_v10_0_sim_netlist.vhdl to D:/demo_mac/mac/mac.runs/design_1_ilmb_v10_0_synth_1/design_1_ilmb_v10_0_sim_netlist.vhdl.
INFO: [IP_Flow 19-6928] IPCACHE: copied cached file d:/demo_mac/mac/mac.cache/ip/2024.1/a/0/a0c3947147be69ed/design_1_dlmb_v10_0_stub.v to D:/demo_mac/mac/mac.runs/design_1_ilmb_v10_0_synth_1/design_1_ilmb_v10_0_stub.v.
INFO: [IP_Flow 19-6928] IPCACHE: copied cached file d:/demo_mac/mac/mac.cache/ip/2024.1/a/0/a0c3947147be69ed/design_1_dlmb_v10_0_stub.vhdl to D:/demo_mac/mac/mac.runs/design_1_ilmb_v10_0_synth_1/design_1_ilmb_v10_0_stub.vhdl.
INFO: [IP_Flow 19-4838] Using cached IP synthesis design for IP design_1_ilmb_v10_0, cache-ID = a0c3947147be69ed.
INFO: [Common 17-206] Exiting Vivado at Fri Dec 27 19:13:57 2024...
